  Building Custom Rule G:/Downloads/xlnt-master/source/CMakeLists.txt
  cell.cpp
  cell_reference.cpp
  comment.cpp
  hyperlink.cpp
  index_types.cpp
  rich_text.cpp
  rich_text_run.cpp
  ext_list.cpp
  manifest.cpp
  relationship.cpp
  uri.cpp
  alignment.cpp
  border.cpp
  color.cpp
  conditional_format.cpp
  fill.cpp
  font.cpp
  format.cpp
  number_format.cpp
  protection.cpp
  正在生成代码...
  正在编译...
  style.cpp
  date.cpp
  datetime.cpp
  exceptions.cpp
  path.cpp
  time.cpp
  timedelta.cpp
  variant.cpp
  named_range.cpp
  streaming_workbook_reader.cpp
  streaming_workbook_writer.cpp
  workbook.cpp
  worksheet_iterator.cpp
  cell_iterator.cpp
  cell_vector.cpp
  header_footer.cpp
  page_margins.cpp
  page_setup.cpp
  phonetic_pr.cpp
  range.cpp
  正在生成代码...
  正在编译...
  range_iterator.cpp
  range_reference.cpp
  sheet_protection.cpp
  worksheet.cpp
  constants.cpp
  unicode.cpp
  base64.cpp
  compound_document.cpp
  encryption_info.cpp
  hash.cpp
  sha.cpp
  xlsx_crypto_consumer.cpp
  xlsx_crypto_producer.cpp
  header_footer_code.cpp
  cell_impl.cpp
  number_formatter.cpp
  custom_value_traits.cpp
  open_stream.cpp
  vector_streambuf.cpp
  xlsx_consumer.cpp
  正在生成代码...
  正在编译...
  xlsx_producer.cpp
  zstream.cpp
  正在生成代码...
  aes.cpp
  sha1.c
  sha512.c
  正在生成代码...
  miniz.cpp
    正在创建库 G:/Downloads/xlnt-master/vs/source/Debug/xlntd.lib 和对象 G:/Downloads/xlnt-master/vs/source/Debug/xlntd.exp
  xlnt.vcxproj -> G:\Downloads\xlnt-master\vs\source\Debug\xlntd.dll
